<?xml version="1.0" encoding="UTF-8"?>
<!-- Generated by org.testng.reporters.JUnitReportReporter -->
<testsuite hostname="Vidhyashreepc-123" failures="0" tests="1" name="sample.gitpractice" time="0.019" errors="0" timestamp="2025-02-05T12:00:33 IST" skipped="0">
  <testcase classname="sample.gitpractice" name="m1" time="0.019"/>
  <system-out/>
</testsuite> <!-- sample.gitpractice -->
