<?xml version="1.0" encoding="UTF-8"?>
<!-- Generated by org.testng.reporters.JUnitReportReporter -->
<testsuite hostname="Vidhyashreepc-123" failures="0" tests="1" name="sample.demo" time="0.125" errors="0" timestamp="2025-02-04T15:42:53 IST" skipped="0">
  <testcase classname="sample.demo" name="king" time="0.125"/>
  <system-out/>
</testsuite> <!-- sample.demo -->
